<?xml version="1.0" encoding="UTF-8"?>
<!-- Generated by org.testng.reporters.JUnitXMLReporter -->
<testsuite ignored="0" hostname="LAPTOP-KHRFE6KE" failures="0" tests="4" name="Default test" time="13.702" errors="0" timestamp="2025-05-06T17:23:17 IST">
  <testcase classname="com.WebAutomation.Com.Guru99.AppTest" name="launchPage" time="10.549"/>
  <testcase classname="com.WebAutomation.Com.Guru99.AppTest" name="verifyTitle" time="0.013"/>
  <testcase classname="com.WebAutomation.Com.Guru99.AppTest" name="verifyTableVisible" time="0.055"/>
  <testcase classname="com.WebAutomation.Com.Guru99.AppTest" name="clickRandomLearnMoreLink" time="0.305"/>
</testsuite> <!-- Default test -->
