<?xml version="1.0" encoding="UTF-8"?>
<!-- Generated by org.testng.reporters.JUnitXMLReporter -->
<testsuite ignored="0" hostname="LAPTOP-KHRFE6KE" failures="0" tests="5" name="WebAutomationTests" time="5.847" errors="0" timestamp="2025-05-07T14:46:49 IST">
  <testcase classname="com.WebAutomation.Com.Guru99.AppTest" name="launchPage" time="2.036"/>
  <testcase classname="com.WebAutomation.Com.Guru99.AppTest" name="verifyTitle" time="0.013"/>
  <testcase classname="com.WebAutomation.Com.Guru99.AppTest" name="paymentGateway" time="0.204"/>
  <testcase classname="com.WebAutomation.Com.Guru99.AppTest" name="windowHandle" time="0.473"/>
  <testcase classname="com.WebAutomation.Com.Guru99.AppTest" name="actionClassTest" time="0.255"/>
</testsuite> <!-- WebAutomationTests -->
