<?xml version="1.0" encoding="UTF-8"?>
<testng-results ignored="0" total="5" passed="5" failed="0" skipped="0">
  <reporter-output>
  </reporter-output>
  <suite started-at="2025-05-07T14:46:43 IST" name="Guru99TestSuite" finished-at="2025-05-07T14:46:49 IST" duration-ms="5847">
    <groups>
    </groups>
    <test started-at="2025-05-07T14:46:43 IST" name="WebAutomationTests" finished-at="2025-05-07T14:46:49 IST" duration-ms="5847">
      <class name="com.WebAutomation.Com.Guru99.AppTest">
        <test-method is-config="true" signature="setup()[pri:0, instance:com.WebAutomation.Com.Guru99.AppTest@788fcafb]" started-at="2025-05-07T14:46:43 IST" name="setup" finished-at="2025-05-07T14:46:46 IST" duration-ms="2792" status="PASS">
          <reporter-output>
          </reporter-output>
        </test-method> <!-- setup -->
        <test-method signature="launchPage()[pri:1, instance:com.WebAutomation.Com.Guru99.AppTest@788fcafb]" started-at="2025-05-07T14:46:46 IST" name="launchPage" finished-at="2025-05-07T14:46:48 IST" duration-ms="2036" status="PASS">
          <reporter-output>
          </reporter-output>
        </test-method> <!-- launchPage -->
        <test-method is-config="true" signature="captureScreenshotOnFailure(org.testng.ITestResult)[pri:0, instance:com.WebAutomation.Com.Guru99.AppTest@788fcafb]" started-at="2025-05-07T14:46:48 IST" name="captureScreenshotOnFailure" finished-at="2025-05-07T14:46:48 IST" duration-ms="3" status="PASS">
          <params>
            <param index="0">
              <value>
                <![CDATA[[TestResult name=launchPage status=SUCCESS method=AppTest.launchPage()[pri:1, instance:com.WebAutomation.Com.Guru99.AppTest@788fcafb] output={null}]]]>
              </value>
            </param>
          </params>
          <reporter-output>
          </reporter-output>
        </test-method> <!-- captureScreenshotOnFailure -->
        <test-method signature="verifyTitle()[pri:2, instance:com.WebAutomation.Com.Guru99.AppTest@788fcafb]" started-at="2025-05-07T14:46:48 IST" name="verifyTitle" finished-at="2025-05-07T14:46:48 IST" duration-ms="13" status="PASS">
          <reporter-output>
          </reporter-output>
        </test-method> <!-- verifyTitle -->
        <test-method is-config="true" signature="captureScreenshotOnFailure(org.testng.ITestResult)[pri:0, instance:com.WebAutomation.Com.Guru99.AppTest@788fcafb]" started-at="2025-05-07T14:46:48 IST" name="captureScreenshotOnFailure" finished-at="2025-05-07T14:46:48 IST" duration-ms="1" status="PASS">
          <params>
            <param index="0">
              <value>
                <![CDATA[[TestResult name=verifyTitle status=SUCCESS method=AppTest.verifyTitle()[pri:2, instance:com.WebAutomation.Com.Guru99.AppTest@788fcafb] output={null}]]]>
              </value>
            </param>
          </params>
          <reporter-output>
          </reporter-output>
        </test-method> <!-- captureScreenshotOnFailure -->
        <test-method signature="paymentGateway()[pri:3, instance:com.WebAutomation.Com.Guru99.AppTest@788fcafb]" started-at="2025-05-07T14:46:48 IST" name="paymentGateway" finished-at="2025-05-07T14:46:48 IST" duration-ms="204" status="PASS">
          <reporter-output>
          </reporter-output>
        </test-method> <!-- paymentGateway -->
        <test-method is-config="true" signature="captureScreenshotOnFailure(org.testng.ITestResult)[pri:0, instance:com.WebAutomation.Com.Guru99.AppTest@788fcafb]" started-at="2025-05-07T14:46:48 IST" name="captureScreenshotOnFailure" finished-at="2025-05-07T14:46:48 IST" duration-ms="1" status="PASS">
          <params>
            <param index="0">
              <value>
                <![CDATA[[TestResult name=paymentGateway status=SUCCESS method=AppTest.paymentGateway()[pri:3, instance:com.WebAutomation.Com.Guru99.AppTest@788fcafb] output={null}]]]>
              </value>
            </param>
          </params>
          <reporter-output>
          </reporter-output>
        </test-method> <!-- captureScreenshotOnFailure -->
        <test-method signature="windowHandle()[pri:4, instance:com.WebAutomation.Com.Guru99.AppTest@788fcafb]" started-at="2025-05-07T14:46:48 IST" name="windowHandle" finished-at="2025-05-07T14:46:49 IST" duration-ms="473" status="PASS">
          <reporter-output>
          </reporter-output>
        </test-method> <!-- windowHandle -->
        <test-method is-config="true" signature="captureScreenshotOnFailure(org.testng.ITestResult)[pri:0, instance:com.WebAutomation.Com.Guru99.AppTest@788fcafb]" started-at="2025-05-07T14:46:49 IST" name="captureScreenshotOnFailure" finished-at="2025-05-07T14:46:49 IST" duration-ms="0" status="PASS">
          <params>
            <param index="0">
              <value>
                <![CDATA[[TestResult name=windowHandle status=SUCCESS method=AppTest.windowHandle()[pri:4, instance:com.WebAutomation.Com.Guru99.AppTest@788fcafb] output={null}]]]>
              </value>
            </param>
          </params>
          <reporter-output>
          </reporter-output>
        </test-method> <!-- captureScreenshotOnFailure -->
        <test-method signature="actionClassTest()[pri:6, instance:com.WebAutomation.Com.Guru99.AppTest@788fcafb]" started-at="2025-05-07T14:46:49 IST" name="actionClassTest" finished-at="2025-05-07T14:46:49 IST" duration-ms="255" status="PASS">
          <reporter-output>
          </reporter-output>
        </test-method> <!-- actionClassTest -->
        <test-method is-config="true" signature="captureScreenshotOnFailure(org.testng.ITestResult)[pri:0, instance:com.WebAutomation.Com.Guru99.AppTest@788fcafb]" started-at="2025-05-07T14:46:49 IST" name="captureScreenshotOnFailure" finished-at="2025-05-07T14:46:49 IST" duration-ms="1" status="PASS">
          <params>
            <param index="0">
              <value>
                <![CDATA[[TestResult name=actionClassTest status=SUCCESS method=AppTest.actionClassTest()[pri:6, instance:com.WebAutomation.Com.Guru99.AppTest@788fcafb] output={null}]]]>
              </value>
            </param>
          </params>
          <reporter-output>
          </reporter-output>
        </test-method> <!-- captureScreenshotOnFailure -->
        <test-method is-config="true" signature="tearDown()[pri:0, instance:com.WebAutomation.Com.Guru99.AppTest@788fcafb]" started-at="2025-05-07T14:46:49 IST" name="tearDown" finished-at="2025-05-07T14:46:49 IST" duration-ms="1" status="PASS">
          <reporter-output>
          </reporter-output>
        </test-method> <!-- tearDown -->
      </class> <!-- com.WebAutomation.Com.Guru99.AppTest -->
    </test> <!-- WebAutomationTests -->
  </suite> <!-- Guru99TestSuite -->
</testng-results>
